30-Mar-2024 11:27:40.022 INFO [main] org.apache.catalina.startup.VersionLoggerListener.log Server version:        Apache Tomcat/8.5.35
30-Mar-2024 11:27:40.025 INFO [main] org.apache.catalina.startup.VersionLoggerListener.log Server built:          Nov 3 2018 17:39:20 UTC
30-Mar-2024 11:27:40.025 INFO [main] org.apache.catalina.startup.VersionLoggerListener.log Server number:         8.5.35.0
30-Mar-2024 11:27:40.025 INFO [main] org.apache.catalina.startup.VersionLoggerListener.log OS Name:               Linux
30-Mar-2024 11:27:40.025 INFO [main] org.apache.catalina.startup.VersionLoggerListener.log OS Version:            6.5.11-linuxkit
30-Mar-2024 11:27:40.025 INFO [main] org.apache.catalina.startup.VersionLoggerListener.log Architecture:          amd64
30-Mar-2024 11:27:40.025 INFO [main] org.apache.catalina.startup.VersionLoggerListener.log Java Home:             /home/cbjs/jdk1.8.0_131/jre
30-Mar-2024 11:27:40.025 INFO [main] org.apache.catalina.startup.VersionLoggerListener.log JVM Version:           1.8.0_131-b11
30-Mar-2024 11:27:40.025 INFO [main] org.apache.catalina.startup.VersionLoggerListener.log JVM Vendor:            Oracle Corporation
30-Mar-2024 11:27:40.025 INFO [main] org.apache.catalina.startup.VersionLoggerListener.log CATALINA_BASE:         /home/cbjs/apache-tomcat-8.5.35
30-Mar-2024 11:27:40.025 INFO [main] org.apache.catalina.startup.VersionLoggerListener.log CATALINA_HOME:         /home/cbjs/apache-tomcat-8.5.35
30-Mar-2024 11:27:40.026 INFO [main] org.apache.catalina.startup.VersionLoggerListener.log Command line argument: -Djava.util.logging.config.file=/home/cbjs/apache-tomcat-8.5.35/conf/logging.properties
30-Mar-2024 11:27:40.026 INFO [main] org.apache.catalina.startup.VersionLoggerListener.log Command line argument: -Djava.util.logging.manager=org.apache.juli.ClassLoaderLogManager
30-Mar-2024 11:27:40.026 INFO [main] org.apache.catalina.startup.VersionLoggerListener.log Command line argument: -Djdk.tls.ephemeralDHKeySize=2048
30-Mar-2024 11:27:40.026 INFO [main] org.apache.catalina.startup.VersionLoggerListener.log Command line argument: -Djava.protocol.handler.pkgs=org.apache.catalina.webresources
30-Mar-2024 11:27:40.026 INFO [main] org.apache.catalina.startup.VersionLoggerListener.log Command line argument: -agentlib:jdwp=transport=dt_socket,address=5005,server=y,suspend=n
30-Mar-2024 11:27:40.026 INFO [main] org.apache.catalina.startup.VersionLoggerListener.log Command line argument: -Dignore.endorsed.dirs=
30-Mar-2024 11:27:40.026 INFO [main] org.apache.catalina.startup.VersionLoggerListener.log Command line argument: -Dcatalina.base=/home/cbjs/apache-tomcat-8.5.35
30-Mar-2024 11:27:40.026 INFO [main] org.apache.catalina.startup.VersionLoggerListener.log Command line argument: -Dcatalina.home=/home/cbjs/apache-tomcat-8.5.35
30-Mar-2024 11:27:40.026 INFO [main] org.apache.catalina.startup.VersionLoggerListener.log Command line argument: -Djava.io.tmpdir=/home/cbjs/apache-tomcat-8.5.35/temp
30-Mar-2024 11:27:40.026 INFO [main] org.apache.catalina.core.AprLifecycleListener.lifecycleEvent The APR based Apache Tomcat Native library which allows optimal performance in production environments was not found on the java.library.path: [/usr/java/packages/lib/amd64:/usr/lib64:/lib64:/lib:/usr/lib]
30-Mar-2024 11:27:40.115 INFO [main] org.apache.coyote.AbstractProtocol.init Initializing ProtocolHandler ["http-nio-8080"]
30-Mar-2024 11:27:40.125 INFO [main] org.apache.tomcat.util.net.NioSelectorPool.getSharedSelector Using a shared selector for servlet write/read
30-Mar-2024 11:27:40.133 INFO [main] org.apache.coyote.AbstractProtocol.init Initializing ProtocolHandler ["ajp-nio-8009"]
30-Mar-2024 11:27:40.134 INFO [main] org.apache.tomcat.util.net.NioSelectorPool.getSharedSelector Using a shared selector for servlet write/read
30-Mar-2024 11:27:40.134 INFO [main] org.apache.catalina.startup.Catalina.load Initialization processed in 357 ms
30-Mar-2024 11:27:40.158 INFO [main] org.apache.catalina.core.StandardService.startInternal Starting service [Catalina]
30-Mar-2024 11:27:40.158 INFO [main] org.apache.catalina.core.StandardEngine.startInternal Starting Servlet Engine: Apache Tomcat/8.5.35
30-Mar-2024 11:27:40.172 INFO [localhost-startStop-1] org.apache.catalina.startup.HostConfig.deployWAR Deploying web application archive [/home/cbjs/apache-tomcat-8.5.35/webapps/java-deserialize-lv2-1.0-SNAPSHOT.war]
30-Mar-2024 11:27:40.287 WARNING [localhost-startStop-1] org.apache.tomcat.util.descriptor.web.WebXml.setVersion Unknown version string [4.0]. Default version will be used.
30-Mar-2024 11:27:40.373 INFO [localhost-startStop-1] org.apache.catalina.startup.HostConfig.deployWAR Deployment of web application archive [/home/cbjs/apache-tomcat-8.5.35/webapps/java-deserialize-lv2-1.0-SNAPSHOT.war] has finished in [200] ms
30-Mar-2024 11:27:40.374 INFO [localhost-startStop-1] org.apache.catalina.startup.HostConfig.deployWAR Deploying web application archive [/home/cbjs/apache-tomcat-8.5.35/webapps/debug-java-web-1.0-SNAPSHOT.war]
30-Mar-2024 11:27:40.416 INFO [localhost-startStop-1] org.apache.catalina.startup.HostConfig.deployWAR Deployment of web application archive [/home/cbjs/apache-tomcat-8.5.35/webapps/debug-java-web-1.0-SNAPSHOT.war] has finished in [42] ms
30-Mar-2024 11:27:40.417 INFO [localhost-startStop-1] org.apache.catalina.startup.HostConfig.deployWAR Deploying web application archive [/home/cbjs/apache-tomcat-8.5.35/webapps/deserialize-exploit-1.0-SNAPSHOT.war]
30-Mar-2024 11:27:40.423 WARNING [localhost-startStop-1] org.apache.tomcat.util.descriptor.web.WebXml.setVersion Unknown version string [4.0]. Default version will be used.
30-Mar-2024 11:27:40.431 INFO [localhost-startStop-1] org.apache.catalina.startup.HostConfig.deployWAR Deployment of web application archive [/home/cbjs/apache-tomcat-8.5.35/webapps/deserialize-exploit-1.0-SNAPSHOT.war] has finished in [14] ms
30-Mar-2024 11:27:40.432 INFO [localhost-startStop-1] org.apache.catalina.startup.HostConfig.deployWAR Deploying web application archive [/home/cbjs/apache-tomcat-8.5.35/webapps/java-deserialize-lv3-1.0-SNAPSHOT.war]
30-Mar-2024 11:27:40.438 WARNING [localhost-startStop-1] org.apache.tomcat.util.descriptor.web.WebXml.setVersion Unknown version string [4.0]. Default version will be used.
30-Mar-2024 11:27:40.444 INFO [localhost-startStop-1] org.apache.catalina.startup.HostConfig.deployWAR Deployment of web application archive [/home/cbjs/apache-tomcat-8.5.35/webapps/java-deserialize-lv3-1.0-SNAPSHOT.war] has finished in [12] ms
30-Mar-2024 11:27:40.445 INFO [localhost-startStop-1] org.apache.catalina.startup.HostConfig.deployWAR Deploying web application archive [/home/cbjs/apache-tomcat-8.5.35/webapps/java-deserialize-lv4-1.0-SNAPSHOT.war]
30-Mar-2024 11:27:40.454 WARNING [localhost-startStop-1] org.apache.tomcat.util.descriptor.web.WebXml.setVersion Unknown version string [4.0]. Default version will be used.
30-Mar-2024 11:27:40.461 INFO [localhost-startStop-1] org.apache.catalina.startup.HostConfig.deployWAR Deployment of web application archive [/home/cbjs/apache-tomcat-8.5.35/webapps/java-deserialize-lv4-1.0-SNAPSHOT.war] has finished in [16] ms
30-Mar-2024 11:27:40.461 INFO [localhost-startStop-1] org.apache.catalina.startup.HostConfig.deployWAR Deploying web application archive [/home/cbjs/apache-tomcat-8.5.35/webapps/java-deserialize-lv1-1.0-SNAPSHOT.war]
30-Mar-2024 11:27:40.467 WARNING [localhost-startStop-1] org.apache.tomcat.util.descriptor.web.WebXml.setVersion Unknown version string [4.0]. Default version will be used.
30-Mar-2024 11:27:40.473 INFO [localhost-startStop-1] org.apache.catalina.startup.HostConfig.deployWAR Deployment of web application archive [/home/cbjs/apache-tomcat-8.5.35/webapps/java-deserialize-lv1-1.0-SNAPSHOT.war] has finished in [12] ms
30-Mar-2024 11:27:40.474 INFO [localhost-startStop-1] org.apache.catalina.startup.HostConfig.deployDirectory Deploying web application directory [/home/cbjs/apache-tomcat-8.5.35/webapps/docs]
30-Mar-2024 11:27:40.482 INFO [localhost-startStop-1] org.apache.catalina.startup.HostConfig.deployDirectory Deployment of web application directory [/home/cbjs/apache-tomcat-8.5.35/webapps/docs] has finished in [8] ms
30-Mar-2024 11:27:40.482 INFO [localhost-startStop-1] org.apache.catalina.startup.HostConfig.deployDirectory Deploying web application directory [/home/cbjs/apache-tomcat-8.5.35/webapps/examples]
30-Mar-2024 11:27:40.591 INFO [localhost-startStop-1] org.apache.catalina.startup.HostConfig.deployDirectory Deployment of web application directory [/home/cbjs/apache-tomcat-8.5.35/webapps/examples] has finished in [109] ms
30-Mar-2024 11:27:40.592 INFO [localhost-startStop-1] org.apache.catalina.startup.HostConfig.deployDirectory Deploying web application directory [/home/cbjs/apache-tomcat-8.5.35/webapps/ROOT]
30-Mar-2024 11:27:40.599 INFO [localhost-startStop-1] org.apache.catalina.startup.HostConfig.deployDirectory Deployment of web application directory [/home/cbjs/apache-tomcat-8.5.35/webapps/ROOT] has finished in [7] ms
30-Mar-2024 11:27:40.599 INFO [localhost-startStop-1] org.apache.catalina.startup.HostConfig.deployDirectory Deploying web application directory [/home/cbjs/apache-tomcat-8.5.35/webapps/manager]
30-Mar-2024 11:27:40.614 INFO [localhost-startStop-1] org.apache.catalina.startup.HostConfig.deployDirectory Deployment of web application directory [/home/cbjs/apache-tomcat-8.5.35/webapps/manager] has finished in [15] ms
30-Mar-2024 11:27:40.614 INFO [localhost-startStop-1] org.apache.catalina.startup.HostConfig.deployDirectory Deploying web application directory [/home/cbjs/apache-tomcat-8.5.35/webapps/host-manager]
30-Mar-2024 11:27:40.623 INFO [localhost-startStop-1] org.apache.catalina.startup.HostConfig.deployDirectory Deployment of web application directory [/home/cbjs/apache-tomcat-8.5.35/webapps/host-manager] has finished in [9] ms
30-Mar-2024 11:27:40.626 INFO [main] org.apache.coyote.AbstractProtocol.start Starting ProtocolHandler ["http-nio-8080"]
30-Mar-2024 11:27:40.631 INFO [main] org.apache.coyote.AbstractProtocol.start Starting ProtocolHandler ["ajp-nio-8009"]
30-Mar-2024 11:27:40.632 INFO [main] org.apache.catalina.startup.Catalina.start Server startup in 497 ms
30-Mar-2024 12:05:22.371 INFO [Thread-5] org.apache.coyote.AbstractProtocol.pause Pausing ProtocolHandler ["http-nio-8080"]
30-Mar-2024 12:05:22.393 INFO [Thread-5] org.apache.coyote.AbstractProtocol.pause Pausing ProtocolHandler ["ajp-nio-8009"]
30-Mar-2024 12:05:22.403 INFO [Thread-5] org.apache.catalina.core.StandardService.stopInternal Stopping service [Catalina]
30-Mar-2024 12:05:22.501 INFO [Thread-5] org.apache.coyote.AbstractProtocol.stop Stopping ProtocolHandler ["http-nio-8080"]
30-Mar-2024 12:05:22.506 INFO [Thread-5] org.apache.coyote.AbstractProtocol.stop Stopping ProtocolHandler ["ajp-nio-8009"]
30-Mar-2024 12:05:22.516 INFO [Thread-5] org.apache.coyote.AbstractProtocol.destroy Destroying ProtocolHandler ["http-nio-8080"]
30-Mar-2024 12:05:22.517 INFO [Thread-5] org.apache.coyote.AbstractProtocol.destroy Destroying ProtocolHandler ["ajp-nio-8009"]
30-Mar-2024 15:04:07.214 INFO [main] org.apache.catalina.startup.VersionLoggerListener.log Server version:        Apache Tomcat/8.5.35
30-Mar-2024 15:04:07.221 INFO [main] org.apache.catalina.startup.VersionLoggerListener.log Server built:          Nov 3 2018 17:39:20 UTC
30-Mar-2024 15:04:07.221 INFO [main] org.apache.catalina.startup.VersionLoggerListener.log Server number:         8.5.35.0
30-Mar-2024 15:04:07.221 INFO [main] org.apache.catalina.startup.VersionLoggerListener.log OS Name:               Linux
30-Mar-2024 15:04:07.221 INFO [main] org.apache.catalina.startup.VersionLoggerListener.log OS Version:            6.5.11-linuxkit
30-Mar-2024 15:04:07.221 INFO [main] org.apache.catalina.startup.VersionLoggerListener.log Architecture:          amd64
30-Mar-2024 15:04:07.221 INFO [main] org.apache.catalina.startup.VersionLoggerListener.log Java Home:             /home/cbjs/jdk1.8.0_131/jre
30-Mar-2024 15:04:07.222 INFO [main] org.apache.catalina.startup.VersionLoggerListener.log JVM Version:           1.8.0_131-b11
30-Mar-2024 15:04:07.222 INFO [main] org.apache.catalina.startup.VersionLoggerListener.log JVM Vendor:            Oracle Corporation
30-Mar-2024 15:04:07.222 INFO [main] org.apache.catalina.startup.VersionLoggerListener.log CATALINA_BASE:         /home/cbjs/apache-tomcat-8.5.35
30-Mar-2024 15:04:07.222 INFO [main] org.apache.catalina.startup.VersionLoggerListener.log CATALINA_HOME:         /home/cbjs/apache-tomcat-8.5.35
30-Mar-2024 15:04:07.222 INFO [main] org.apache.catalina.startup.VersionLoggerListener.log Command line argument: -Djava.util.logging.config.file=/home/cbjs/apache-tomcat-8.5.35/conf/logging.properties
30-Mar-2024 15:04:07.223 INFO [main] org.apache.catalina.startup.VersionLoggerListener.log Command line argument: -Djava.util.logging.manager=org.apache.juli.ClassLoaderLogManager
30-Mar-2024 15:04:07.223 INFO [main] org.apache.catalina.startup.VersionLoggerListener.log Command line argument: -Djdk.tls.ephemeralDHKeySize=2048
30-Mar-2024 15:04:07.223 INFO [main] org.apache.catalina.startup.VersionLoggerListener.log Command line argument: -Djava.protocol.handler.pkgs=org.apache.catalina.webresources
30-Mar-2024 15:04:07.223 INFO [main] org.apache.catalina.startup.VersionLoggerListener.log Command line argument: -agentlib:jdwp=transport=dt_socket,address=5005,server=y,suspend=n
30-Mar-2024 15:04:07.223 INFO [main] org.apache.catalina.startup.VersionLoggerListener.log Command line argument: -Dignore.endorsed.dirs=
30-Mar-2024 15:04:07.224 INFO [main] org.apache.catalina.startup.VersionLoggerListener.log Command line argument: -Dcatalina.base=/home/cbjs/apache-tomcat-8.5.35
30-Mar-2024 15:04:07.224 INFO [main] org.apache.catalina.startup.VersionLoggerListener.log Command line argument: -Dcatalina.home=/home/cbjs/apache-tomcat-8.5.35
30-Mar-2024 15:04:07.224 INFO [main] org.apache.catalina.startup.VersionLoggerListener.log Command line argument: -Djava.io.tmpdir=/home/cbjs/apache-tomcat-8.5.35/temp
30-Mar-2024 15:04:07.224 INFO [main] org.apache.catalina.core.AprLifecycleListener.lifecycleEvent The APR based Apache Tomcat Native library which allows optimal performance in production environments was not found on the java.library.path: [/usr/java/packages/lib/amd64:/usr/lib64:/lib64:/lib:/usr/lib]
30-Mar-2024 15:04:07.445 INFO [main] org.apache.coyote.AbstractProtocol.init Initializing ProtocolHandler ["http-nio-8080"]
30-Mar-2024 15:04:07.461 INFO [main] org.apache.tomcat.util.net.NioSelectorPool.getSharedSelector Using a shared selector for servlet write/read
30-Mar-2024 15:04:07.477 INFO [main] org.apache.coyote.AbstractProtocol.init Initializing ProtocolHandler ["ajp-nio-8009"]
30-Mar-2024 15:04:07.479 INFO [main] org.apache.tomcat.util.net.NioSelectorPool.getSharedSelector Using a shared selector for servlet write/read
30-Mar-2024 15:04:07.480 INFO [main] org.apache.catalina.startup.Catalina.load Initialization processed in 856 ms
30-Mar-2024 15:04:07.525 INFO [main] org.apache.catalina.core.StandardService.startInternal Starting service [Catalina]
30-Mar-2024 15:04:07.526 INFO [main] org.apache.catalina.core.StandardEngine.startInternal Starting Servlet Engine: Apache Tomcat/8.5.35
30-Mar-2024 15:04:07.565 INFO [localhost-startStop-1] org.apache.catalina.startup.HostConfig.deployWAR Deploying web application archive [/home/cbjs/apache-tomcat-8.5.35/webapps/java-deserialize-lv2-1.0-SNAPSHOT.war]
30-Mar-2024 15:04:07.905 WARNING [localhost-startStop-1] org.apache.tomcat.util.descriptor.web.WebXml.setVersion Unknown version string [4.0]. Default version will be used.
30-Mar-2024 15:04:08.244 INFO [localhost-startStop-1] org.apache.catalina.startup.HostConfig.deployWAR Deployment of web application archive [/home/cbjs/apache-tomcat-8.5.35/webapps/java-deserialize-lv2-1.0-SNAPSHOT.war] has finished in [677] ms
30-Mar-2024 15:04:08.249 INFO [localhost-startStop-1] org.apache.catalina.startup.HostConfig.deployWAR Deploying web application archive [/home/cbjs/apache-tomcat-8.5.35/webapps/debug-java-web-1.0-SNAPSHOT.war]
30-Mar-2024 15:04:08.323 INFO [localhost-startStop-1] org.apache.catalina.startup.HostConfig.deployWAR Deployment of web application archive [/home/cbjs/apache-tomcat-8.5.35/webapps/debug-java-web-1.0-SNAPSHOT.war] has finished in [73] ms
30-Mar-2024 15:04:08.324 INFO [localhost-startStop-1] org.apache.catalina.startup.HostConfig.deployWAR Deploying web application archive [/home/cbjs/apache-tomcat-8.5.35/webapps/deserialize-exploit-1.0-SNAPSHOT.war]
30-Mar-2024 15:04:08.336 WARNING [localhost-startStop-1] org.apache.tomcat.util.descriptor.web.WebXml.setVersion Unknown version string [4.0]. Default version will be used.
30-Mar-2024 15:04:08.362 INFO [localhost-startStop-1] org.apache.catalina.startup.HostConfig.deployWAR Deployment of web application archive [/home/cbjs/apache-tomcat-8.5.35/webapps/deserialize-exploit-1.0-SNAPSHOT.war] has finished in [38] ms
30-Mar-2024 15:04:08.365 INFO [localhost-startStop-1] org.apache.catalina.startup.HostConfig.deployWAR Deploying web application archive [/home/cbjs/apache-tomcat-8.5.35/webapps/java-deserialize-lv3-1.0-SNAPSHOT.war]
30-Mar-2024 15:04:08.377 WARNING [localhost-startStop-1] org.apache.tomcat.util.descriptor.web.WebXml.setVersion Unknown version string [4.0]. Default version will be used.
30-Mar-2024 15:04:08.400 INFO [localhost-startStop-1] org.apache.catalina.startup.HostConfig.deployWAR Deployment of web application archive [/home/cbjs/apache-tomcat-8.5.35/webapps/java-deserialize-lv3-1.0-SNAPSHOT.war] has finished in [35] ms
30-Mar-2024 15:04:08.402 INFO [localhost-startStop-1] org.apache.catalina.startup.HostConfig.deployWAR Deploying web application archive [/home/cbjs/apache-tomcat-8.5.35/webapps/java-deserialize-lv4-1.0-SNAPSHOT.war]
30-Mar-2024 15:04:08.415 WARNING [localhost-startStop-1] org.apache.tomcat.util.descriptor.web.WebXml.setVersion Unknown version string [4.0]. Default version will be used.
30-Mar-2024 15:04:08.435 INFO [localhost-startStop-1] org.apache.catalina.startup.HostConfig.deployWAR Deployment of web application archive [/home/cbjs/apache-tomcat-8.5.35/webapps/java-deserialize-lv4-1.0-SNAPSHOT.war] has finished in [34] ms
30-Mar-2024 15:04:08.436 INFO [localhost-startStop-1] org.apache.catalina.startup.HostConfig.deployWAR Deploying web application archive [/home/cbjs/apache-tomcat-8.5.35/webapps/java-deserialize-lv1-1.0-SNAPSHOT.war]
30-Mar-2024 15:04:08.448 WARNING [localhost-startStop-1] org.apache.tomcat.util.descriptor.web.WebXml.setVersion Unknown version string [4.0]. Default version will be used.
30-Mar-2024 15:04:08.464 INFO [localhost-startStop-1] org.apache.catalina.startup.HostConfig.deployWAR Deployment of web application archive [/home/cbjs/apache-tomcat-8.5.35/webapps/java-deserialize-lv1-1.0-SNAPSHOT.war] has finished in [28] ms
30-Mar-2024 15:04:08.467 INFO [localhost-startStop-1] org.apache.catalina.startup.HostConfig.deployDirectory Deploying web application directory [/home/cbjs/apache-tomcat-8.5.35/webapps/docs]
30-Mar-2024 15:04:08.485 INFO [localhost-startStop-1] org.apache.catalina.startup.HostConfig.deployDirectory Deployment of web application directory [/home/cbjs/apache-tomcat-8.5.35/webapps/docs] has finished in [18] ms
30-Mar-2024 15:04:08.485 INFO [localhost-startStop-1] org.apache.catalina.startup.HostConfig.deployDirectory Deploying web application directory [/home/cbjs/apache-tomcat-8.5.35/webapps/examples]
30-Mar-2024 15:04:08.802 INFO [localhost-startStop-1] org.apache.catalina.startup.HostConfig.deployDirectory Deployment of web application directory [/home/cbjs/apache-tomcat-8.5.35/webapps/examples] has finished in [316] ms
30-Mar-2024 15:04:08.806 INFO [localhost-startStop-1] org.apache.catalina.startup.HostConfig.deployDirectory Deploying web application directory [/home/cbjs/apache-tomcat-8.5.35/webapps/ROOT]
30-Mar-2024 15:04:08.835 INFO [localhost-startStop-1] org.apache.catalina.startup.HostConfig.deployDirectory Deployment of web application directory [/home/cbjs/apache-tomcat-8.5.35/webapps/ROOT] has finished in [29] ms
30-Mar-2024 15:04:08.837 INFO [localhost-startStop-1] org.apache.catalina.startup.HostConfig.deployDirectory Deploying web application directory [/home/cbjs/apache-tomcat-8.5.35/webapps/manager]
30-Mar-2024 15:04:08.872 INFO [localhost-startStop-1] org.apache.catalina.startup.HostConfig.deployDirectory Deployment of web application directory [/home/cbjs/apache-tomcat-8.5.35/webapps/manager] has finished in [36] ms
30-Mar-2024 15:04:08.872 INFO [localhost-startStop-1] org.apache.catalina.startup.HostConfig.deployDirectory Deploying web application directory [/home/cbjs/apache-tomcat-8.5.35/webapps/host-manager]
30-Mar-2024 15:04:08.898 INFO [localhost-startStop-1] org.apache.catalina.startup.HostConfig.deployDirectory Deployment of web application directory [/home/cbjs/apache-tomcat-8.5.35/webapps/host-manager] has finished in [26] ms
30-Mar-2024 15:04:08.904 INFO [main] org.apache.coyote.AbstractProtocol.start Starting ProtocolHandler ["http-nio-8080"]
30-Mar-2024 15:04:08.927 INFO [main] org.apache.coyote.AbstractProtocol.start Starting ProtocolHandler ["ajp-nio-8009"]
30-Mar-2024 15:04:08.947 INFO [main] org.apache.catalina.startup.Catalina.start Server startup in 1467 ms
30-Mar-2024 15:04:15.298 INFO [Thread-5] org.apache.coyote.AbstractProtocol.pause Pausing ProtocolHandler ["http-nio-8080"]
30-Mar-2024 15:04:15.309 INFO [Thread-5] org.apache.coyote.AbstractProtocol.pause Pausing ProtocolHandler ["ajp-nio-8009"]
30-Mar-2024 15:04:15.315 INFO [Thread-5] org.apache.catalina.core.StandardService.stopInternal Stopping service [Catalina]
30-Mar-2024 15:04:15.367 INFO [Thread-5] org.apache.coyote.AbstractProtocol.stop Stopping ProtocolHandler ["http-nio-8080"]
30-Mar-2024 15:04:15.374 INFO [Thread-5] org.apache.coyote.AbstractProtocol.stop Stopping ProtocolHandler ["ajp-nio-8009"]
30-Mar-2024 15:04:15.378 INFO [Thread-5] org.apache.coyote.AbstractProtocol.destroy Destroying ProtocolHandler ["http-nio-8080"]
30-Mar-2024 15:04:15.379 INFO [Thread-5] org.apache.coyote.AbstractProtocol.destroy Destroying ProtocolHandler ["ajp-nio-8009"]
30-Mar-2024 16:11:51.320 INFO [main] org.apache.catalina.startup.VersionLoggerListener.log Server version:        Apache Tomcat/8.5.35
30-Mar-2024 16:11:51.326 INFO [main] org.apache.catalina.startup.VersionLoggerListener.log Server built:          Nov 3 2018 17:39:20 UTC
30-Mar-2024 16:11:51.326 INFO [main] org.apache.catalina.startup.VersionLoggerListener.log Server number:         8.5.35.0
30-Mar-2024 16:11:51.326 INFO [main] org.apache.catalina.startup.VersionLoggerListener.log OS Name:               Linux
30-Mar-2024 16:11:51.327 INFO [main] org.apache.catalina.startup.VersionLoggerListener.log OS Version:            6.5.11-linuxkit
30-Mar-2024 16:11:51.327 INFO [main] org.apache.catalina.startup.VersionLoggerListener.log Architecture:          amd64
30-Mar-2024 16:11:51.327 INFO [main] org.apache.catalina.startup.VersionLoggerListener.log Java Home:             /home/cbjs/jdk1.8.0_131/jre
30-Mar-2024 16:11:51.327 INFO [main] org.apache.catalina.startup.VersionLoggerListener.log JVM Version:           1.8.0_131-b11
30-Mar-2024 16:11:51.327 INFO [main] org.apache.catalina.startup.VersionLoggerListener.log JVM Vendor:            Oracle Corporation
30-Mar-2024 16:11:51.327 INFO [main] org.apache.catalina.startup.VersionLoggerListener.log CATALINA_BASE:         /home/cbjs/apache-tomcat-8.5.35
30-Mar-2024 16:11:51.327 INFO [main] org.apache.catalina.startup.VersionLoggerListener.log CATALINA_HOME:         /home/cbjs/apache-tomcat-8.5.35
30-Mar-2024 16:11:51.328 INFO [main] org.apache.catalina.startup.VersionLoggerListener.log Command line argument: -Djava.util.logging.config.file=/home/cbjs/apache-tomcat-8.5.35/conf/logging.properties
30-Mar-2024 16:11:51.328 INFO [main] org.apache.catalina.startup.VersionLoggerListener.log Command line argument: -Djava.util.logging.manager=org.apache.juli.ClassLoaderLogManager
30-Mar-2024 16:11:51.328 INFO [main] org.apache.catalina.startup.VersionLoggerListener.log Command line argument: -Djdk.tls.ephemeralDHKeySize=2048
30-Mar-2024 16:11:51.328 INFO [main] org.apache.catalina.startup.VersionLoggerListener.log Command line argument: -Djava.protocol.handler.pkgs=org.apache.catalina.webresources
30-Mar-2024 16:11:51.328 INFO [main] org.apache.catalina.startup.VersionLoggerListener.log Command line argument: -agentlib:jdwp=transport=dt_socket,address=5005,server=y,suspend=n
30-Mar-2024 16:11:51.328 INFO [main] org.apache.catalina.startup.VersionLoggerListener.log Command line argument: -Dignore.endorsed.dirs=
30-Mar-2024 16:11:51.328 INFO [main] org.apache.catalina.startup.VersionLoggerListener.log Command line argument: -Dcatalina.base=/home/cbjs/apache-tomcat-8.5.35
30-Mar-2024 16:11:51.328 INFO [main] org.apache.catalina.startup.VersionLoggerListener.log Command line argument: -Dcatalina.home=/home/cbjs/apache-tomcat-8.5.35
30-Mar-2024 16:11:51.328 INFO [main] org.apache.catalina.startup.VersionLoggerListener.log Command line argument: -Djava.io.tmpdir=/home/cbjs/apache-tomcat-8.5.35/temp
30-Mar-2024 16:11:51.328 INFO [main] org.apache.catalina.core.AprLifecycleListener.lifecycleEvent The APR based Apache Tomcat Native library which allows optimal performance in production environments was not found on the java.library.path: [/usr/java/packages/lib/amd64:/usr/lib64:/lib64:/lib:/usr/lib]
30-Mar-2024 16:11:51.500 INFO [main] org.apache.coyote.AbstractProtocol.init Initializing ProtocolHandler ["http-nio-8080"]
30-Mar-2024 16:11:51.524 INFO [main] org.apache.tomcat.util.net.NioSelectorPool.getSharedSelector Using a shared selector for servlet write/read
30-Mar-2024 16:11:51.541 INFO [main] org.apache.coyote.AbstractProtocol.init Initializing ProtocolHandler ["ajp-nio-8009"]
30-Mar-2024 16:11:51.543 INFO [main] org.apache.tomcat.util.net.NioSelectorPool.getSharedSelector Using a shared selector for servlet write/read
30-Mar-2024 16:11:51.544 INFO [main] org.apache.catalina.startup.Catalina.load Initialization processed in 742 ms
30-Mar-2024 16:11:51.579 INFO [main] org.apache.catalina.core.StandardService.startInternal Starting service [Catalina]
30-Mar-2024 16:11:51.579 INFO [main] org.apache.catalina.core.StandardEngine.startInternal Starting Servlet Engine: Apache Tomcat/8.5.35
30-Mar-2024 16:11:51.613 INFO [localhost-startStop-1] org.apache.catalina.startup.HostConfig.deployWAR Deploying web application archive [/home/cbjs/apache-tomcat-8.5.35/webapps/java-deserialize-lv2-1.0-SNAPSHOT.war]
30-Mar-2024 16:11:51.935 WARNING [localhost-startStop-1] org.apache.tomcat.util.descriptor.web.WebXml.setVersion Unknown version string [4.0]. Default version will be used.
30-Mar-2024 16:11:52.130 INFO [localhost-startStop-1] org.apache.catalina.startup.HostConfig.deployWAR Deployment of web application archive [/home/cbjs/apache-tomcat-8.5.35/webapps/java-deserialize-lv2-1.0-SNAPSHOT.war] has finished in [516] ms
30-Mar-2024 16:11:52.131 INFO [localhost-startStop-1] org.apache.catalina.startup.HostConfig.deployWAR Deploying web application archive [/home/cbjs/apache-tomcat-8.5.35/webapps/debug-java-web-1.0-SNAPSHOT.war]
30-Mar-2024 16:11:52.175 INFO [localhost-startStop-1] org.apache.catalina.startup.HostConfig.deployWAR Deployment of web application archive [/home/cbjs/apache-tomcat-8.5.35/webapps/debug-java-web-1.0-SNAPSHOT.war] has finished in [44] ms
30-Mar-2024 16:11:52.176 INFO [localhost-startStop-1] org.apache.catalina.startup.HostConfig.deployWAR Deploying web application archive [/home/cbjs/apache-tomcat-8.5.35/webapps/deserialize-exploit-1.0-SNAPSHOT.war]
30-Mar-2024 16:11:52.184 WARNING [localhost-startStop-1] org.apache.tomcat.util.descriptor.web.WebXml.setVersion Unknown version string [4.0]. Default version will be used.
30-Mar-2024 16:11:52.199 INFO [localhost-startStop-1] org.apache.catalina.startup.HostConfig.deployWAR Deployment of web application archive [/home/cbjs/apache-tomcat-8.5.35/webapps/deserialize-exploit-1.0-SNAPSHOT.war] has finished in [23] ms
30-Mar-2024 16:11:52.200 INFO [localhost-startStop-1] org.apache.catalina.startup.HostConfig.deployWAR Deploying web application archive [/home/cbjs/apache-tomcat-8.5.35/webapps/java-deserialize-lv3-1.0-SNAPSHOT.war]
30-Mar-2024 16:11:52.209 WARNING [localhost-startStop-1] org.apache.tomcat.util.descriptor.web.WebXml.setVersion Unknown version string [4.0]. Default version will be used.
30-Mar-2024 16:11:52.223 INFO [localhost-startStop-1] org.apache.catalina.startup.HostConfig.deployWAR Deployment of web application archive [/home/cbjs/apache-tomcat-8.5.35/webapps/java-deserialize-lv3-1.0-SNAPSHOT.war] has finished in [23] ms
30-Mar-2024 16:11:52.224 INFO [localhost-startStop-1] org.apache.catalina.startup.HostConfig.deployWAR Deploying web application archive [/home/cbjs/apache-tomcat-8.5.35/webapps/java-deserialize-lv4-1.0-SNAPSHOT.war]
30-Mar-2024 16:11:52.234 WARNING [localhost-startStop-1] org.apache.tomcat.util.descriptor.web.WebXml.setVersion Unknown version string [4.0]. Default version will be used.
30-Mar-2024 16:11:52.245 INFO [localhost-startStop-1] org.apache.catalina.startup.HostConfig.deployWAR Deployment of web application archive [/home/cbjs/apache-tomcat-8.5.35/webapps/java-deserialize-lv4-1.0-SNAPSHOT.war] has finished in [21] ms
30-Mar-2024 16:11:52.246 INFO [localhost-startStop-1] org.apache.catalina.startup.HostConfig.deployWAR Deploying web application archive [/home/cbjs/apache-tomcat-8.5.35/webapps/java-deserialize-lv1-1.0-SNAPSHOT.war]
30-Mar-2024 16:11:52.255 WARNING [localhost-startStop-1] org.apache.tomcat.util.descriptor.web.WebXml.setVersion Unknown version string [4.0]. Default version will be used.
30-Mar-2024 16:11:52.267 INFO [localhost-startStop-1] org.apache.catalina.startup.HostConfig.deployWAR Deployment of web application archive [/home/cbjs/apache-tomcat-8.5.35/webapps/java-deserialize-lv1-1.0-SNAPSHOT.war] has finished in [21] ms
30-Mar-2024 16:11:52.268 INFO [localhost-startStop-1] org.apache.catalina.startup.HostConfig.deployDirectory Deploying web application directory [/home/cbjs/apache-tomcat-8.5.35/webapps/docs]
30-Mar-2024 16:11:52.283 INFO [localhost-startStop-1] org.apache.catalina.startup.HostConfig.deployDirectory Deployment of web application directory [/home/cbjs/apache-tomcat-8.5.35/webapps/docs] has finished in [15] ms
30-Mar-2024 16:11:52.283 INFO [localhost-startStop-1] org.apache.catalina.startup.HostConfig.deployDirectory Deploying web application directory [/home/cbjs/apache-tomcat-8.5.35/webapps/examples]
30-Mar-2024 16:11:52.571 INFO [localhost-startStop-1] org.apache.catalina.startup.HostConfig.deployDirectory Deployment of web application directory [/home/cbjs/apache-tomcat-8.5.35/webapps/examples] has finished in [288] ms
30-Mar-2024 16:11:52.571 INFO [localhost-startStop-1] org.apache.catalina.startup.HostConfig.deployDirectory Deploying web application directory [/home/cbjs/apache-tomcat-8.5.35/webapps/ROOT]
30-Mar-2024 16:11:52.585 INFO [localhost-startStop-1] org.apache.catalina.startup.HostConfig.deployDirectory Deployment of web application directory [/home/cbjs/apache-tomcat-8.5.35/webapps/ROOT] has finished in [14] ms
30-Mar-2024 16:11:52.586 INFO [localhost-startStop-1] org.apache.catalina.startup.HostConfig.deployDirectory Deploying web application directory [/home/cbjs/apache-tomcat-8.5.35/webapps/manager]
30-Mar-2024 16:11:52.613 INFO [localhost-startStop-1] org.apache.catalina.startup.HostConfig.deployDirectory Deployment of web application directory [/home/cbjs/apache-tomcat-8.5.35/webapps/manager] has finished in [28] ms
30-Mar-2024 16:11:52.613 INFO [localhost-startStop-1] org.apache.catalina.startup.HostConfig.deployDirectory Deploying web application directory [/home/cbjs/apache-tomcat-8.5.35/webapps/host-manager]
30-Mar-2024 16:11:52.637 INFO [localhost-startStop-1] org.apache.catalina.startup.HostConfig.deployDirectory Deployment of web application directory [/home/cbjs/apache-tomcat-8.5.35/webapps/host-manager] has finished in [24] ms
30-Mar-2024 16:11:52.641 INFO [main] org.apache.coyote.AbstractProtocol.start Starting ProtocolHandler ["http-nio-8080"]
30-Mar-2024 16:11:52.651 INFO [main] org.apache.coyote.AbstractProtocol.start Starting ProtocolHandler ["ajp-nio-8009"]
30-Mar-2024 16:11:52.658 INFO [main] org.apache.catalina.startup.Catalina.start Server startup in 1113 ms
30-Mar-2024 16:11:59.132 INFO [Thread-5] org.apache.coyote.AbstractProtocol.pause Pausing ProtocolHandler ["http-nio-8080"]
30-Mar-2024 16:11:59.142 INFO [Thread-5] org.apache.coyote.AbstractProtocol.pause Pausing ProtocolHandler ["ajp-nio-8009"]
30-Mar-2024 16:11:59.148 INFO [Thread-5] org.apache.catalina.core.StandardService.stopInternal Stopping service [Catalina]
30-Mar-2024 16:11:59.196 INFO [Thread-5] org.apache.coyote.AbstractProtocol.stop Stopping ProtocolHandler ["http-nio-8080"]
30-Mar-2024 16:11:59.198 INFO [Thread-5] org.apache.coyote.AbstractProtocol.stop Stopping ProtocolHandler ["ajp-nio-8009"]
30-Mar-2024 16:11:59.200 INFO [Thread-5] org.apache.coyote.AbstractProtocol.destroy Destroying ProtocolHandler ["http-nio-8080"]
30-Mar-2024 16:11:59.201 INFO [Thread-5] org.apache.coyote.AbstractProtocol.destroy Destroying ProtocolHandler ["ajp-nio-8009"]
